<?xml version="1.0" encoding="UTF-8"?>
<!-- Generated by org.testng.reporters.JUnitReportReporter -->
<testsuite hostname="DESKTOP-850URLF" failures="0" tests="1" name="testngpack.Sumo" time="0.004" errors="0" timestamp="2022-08-18T17:16:16 IST" skipped="0">
  <testcase classname="testngpack.Sumo" name="f" time="0.004"/>
  <system-out>
    <![CDATA[sumo method executed]]>
  </system-out>
</testsuite> <!-- testngpack.Sumo -->
