<?xml version="1.0" encoding="UTF-8"?>
<!-- Generated by org.testng.reporters.JUnitReportReporter -->
<testsuite hostname="DESKTOP-850URLF" failures="0" tests="1" name="testngpack.Demo" time="0.031" errors="0" timestamp="2022-08-17T15:54:16 IST" skipped="0">
  <testcase classname="testngpack.Demo" name="a" time="0.031"/>
  <system-out>
    <![CDATA[i am from method a]]>
  </system-out>
</testsuite> <!-- testngpack.Demo -->
