<?xml version="1.0" encoding="UTF-8"?>
<!-- Generated by org.testng.reporters.JUnitReportReporter -->
<testsuite hostname="DESKTOP-850URLF" failures="0" tests="18" name="testngpack.Flag6" time="0.165" errors="0" timestamp="2022-08-20T15:22:54 IST" skipped="0">
  <testcase classname="testngpack.Flag6" name="st6" time="0.000"/>
  <system-out>
    <![CDATA[st6 executed]]>
  </system-out>
  <testcase classname="testngpack.Flag6" name="ft3" time="0.007"/>
  <system-out>
    <![CDATA[ft3 executed]]>
  </system-out>
  <testcase classname="testngpack.Flag6" name="st4" time="0.000"/>
  <system-out>
    <![CDATA[st4 executed]]>
  </system-out>
  <testcase classname="testngpack.Flag6" name="ft4" time="0.057"/>
  <system-out>
    <![CDATA[ft4 executed]]>
  </system-out>
  <testcase classname="testngpack.Flag6" name="ft1" time="0.062"/>
  <system-out>
    <![CDATA[ft1 executed]]>
  </system-out>
  <testcase classname="testngpack.Flag6" name="st2" time="0.007"/>
  <system-out>
    <![CDATA[st2 executed]]>
  </system-out>
  <testcase classname="testngpack.Flag6" name="it1" time="0.000"/>
  <system-out>
    <![CDATA[it1 executed]]>
  </system-out>
  <testcase classname="testngpack.Flag6" name="it2" time="0.000"/>
  <system-out>
    <![CDATA[it2 executed]]>
  </system-out>
  <testcase classname="testngpack.Flag6" name="it4" time="0.000"/>
  <system-out>
    <![CDATA[it4 executed]]>
  </system-out>
  <testcase classname="testngpack.Flag6" name="it3" time="0.000"/>
  <system-out>
    <![CDATA[it3 executed]]>
  </system-out>
  <testcase classname="testngpack.Flag6" name="st5" time="0.000"/>
  <system-out>
    <![CDATA[st5 executed]]>
  </system-out>
  <testcase classname="testngpack.Flag6" name="ft2" time="0.013"/>
  <system-out>
    <![CDATA[ft2 executed]]>
  </system-out>
  <testcase classname="testngpack.Flag6" name="st1" time="0.000"/>
  <system-out>
    <![CDATA[st1 executed]]>
  </system-out>
  <testcase classname="testngpack.Flag6" name="ft6" time="0.000"/>
  <system-out>
    <![CDATA[ft6 executed]]>
  </system-out>
  <testcase classname="testngpack.Flag6" name="it5" time="0.008"/>
  <system-out>
    <![CDATA[it5 executed]]>
  </system-out>
  <testcase classname="testngpack.Flag6" name="st3" time="0.002"/>
  <system-out>
    <![CDATA[st3 executed]]>
  </system-out>
  <testcase classname="testngpack.Flag6" name="ft5" time="0.009"/>
  <system-out>
    <![CDATA[ft5 executed]]>
  </system-out>
  <testcase classname="testngpack.Flag6" name="it6" time="0.000"/>
  <system-out>
    <![CDATA[it6 executed]]>
  </system-out>
</testsuite> <!-- testngpack.Flag6 -->
