<?xml version="1.0" encoding="UTF-8"?>
<!-- Generated by org.testng.reporters.JUnitReportReporter -->
<testsuite hostname="DESKTOP-850URLF" failures="0" tests="1" name="testngpack.Remo" time="0.005" errors="0" timestamp="2022-08-18T17:16:16 IST" skipped="0">
  <testcase classname="testngpack.Remo" name="remoMethod" time="0.005"/>
  <system-out>
    <![CDATA[remo method executed]]>
  </system-out>
</testsuite> <!-- testngpack.Remo -->
